<?xml version="1.0" encoding="UTF-8"?>
<testng-results skipped="0" failed="0" total="1" passed="1">
  <reporter-output>
  </reporter-output>
  <suite name="TestNG" duration-ms="23" started-at="2022-10-16T04:50:42Z" finished-at="2022-10-16T04:50:42Z">
    <groups>
    </groups>
    <test name="Command line test" duration-ms="23" started-at="2022-10-16T04:50:42Z" finished-at="2022-10-16T04:50:42Z">
      <class name="TestNG">
        <test-method status="PASS" signature="hello()[pri:0, instance:TestNG@3796751b]" name="hello" duration-ms="7" started-at="2022-10-16T11:50:42Z" finished-at="2022-10-16T11:50:42Z">
          <reporter-output>
          </reporter-output>
        </test-method> <!-- hello -->
      </class> <!-- TestNG -->
    </test> <!-- Command line test -->
  </suite> <!-- TestNG -->
</testng-results>
